# JRE version: Java(TM) SE Runtime Environment (8.0_231-b11) (build 1.8.0_231-b11)
# Java VM: Java HotSpot(TM) 64-Bit Server VM (25.231-b11 mixed mode windows-amd64 compressed oops)
Heap:
 PSYoungGen      total 161280K, used 50257K [0x00000000eb180000, 0x00000000f6000000, 0x0000000100000000)
  eden space 151040K, 26% used [0x00000000eb180000,0x00000000ed8967c8,0x00000000f4500000)
  from space 10240K, 99% used [0x00000000f5300000,0x00000000f5cfdd68,0x00000000f5d00000)
  to   space 13824K, 0% used [0x00000000f4500000,0x00000000f4500000,0x00000000f5280000)
 ParOldGen       total 46080K, used 20235K [0x00000000c1400000, 0x00000000c4100000, 0x00000000eb180000)
  object space 46080K, 43% used [0x00000000c1400000,0x00000000c27c2c78,0x00000000c4100000)
 Metaspace       used 51180K, capacity 52898K, committed 52992K, reserved 1095680K
  class space    used 7007K, capacity 7330K, committed 7424K, reserved 1048576K
GC Heap History (10 events):
Event: 5.399 GC heap before
{Heap before GC invocations=8 (full 1):
 PSYoungGen      total 72192K, used 65536K [0x00000000eb180000, 0x00000000efe80000, 0x0000000100000000)
  eden space 65536K, 100% used [0x00000000eb180000,0x00000000ef180000,0x00000000ef180000)
  from space 6656K, 0% used [0x00000000ef800000,0x00000000ef800000,0x00000000efe80000)
  to   space 6656K, 0% used [0x00000000ef180000,0x00000000ef180000,0x00000000ef800000)
 ParOldGen       total 31232K, used 6484K [0x00000000c1400000, 0x00000000c3280000, 0x00000000eb180000)
  object space 31232K, 20% used [0x00000000c1400000,0x00000000c1a55330,0x00000000c3280000)
 Metaspace       used 23430K, capacity 24146K, committed 24320K, reserved 1071104K
  class space    used 3030K, capacity 3222K, committed 3328K, reserved 1048576K
Event: 5.405 GC heap after
Heap after GC invocations=8 (full 1):
 PSYoungGen      total 72192K, used 3903K [0x00000000eb180000, 0x00000000f2d00000, 0x0000000100000000)
  eden space 65536K, 0% used [0x00000000eb180000,0x00000000eb180000,0x00000000ef180000)
  from space 6656K, 58% used [0x00000000ef180000,0x00000000ef54fff0,0x00000000ef800000)
  to   space 6656K, 0% used [0x00000000f2680000,0x00000000f2680000,0x00000000f2d00000)
 ParOldGen       total 31232K, used 6556K [0x00000000c1400000, 0x00000000c3280000, 0x00000000eb180000)
  object space 31232K, 20% used [0x00000000c1400000,0x00000000c1a67340,0x00000000c3280000)
 Metaspace       used 23430K, capacity 24146K, committed 24320K, reserved 1071104K
  class space    used 3030K, capacity 3222K, committed 3328K, reserved 1048576K
}
Event: 11.601 GC heap before
{Heap before GC invocations=9 (full 1):
 PSYoungGen      total 72192K, used 69425K [0x00000000eb180000, 0x00000000f2d00000, 0x0000000100000000)
  eden space 65536K, 99% used [0x00000000eb180000,0x00000000ef17c718,0x00000000ef180000)
  from space 6656K, 58% used [0x00000000ef180000,0x00000000ef54fff0,0x00000000ef800000)
  to   space 6656K, 0% used [0x00000000f2680000,0x00000000f2680000,0x00000000f2d00000)
 ParOldGen       total 31232K, used 6556K [0x00000000c1400000, 0x00000000c3280000, 0x00000000eb180000)
  object space 31232K, 20% used [0x00000000c1400000,0x00000000c1a67340,0x00000000c3280000)
 Metaspace       used 29963K, capacity 31260K, committed 31616K, reserved 1077248K
  class space    used 3854K, capacity 4117K, committed 4224K, reserved 1048576K
Event: 11.617 GC heap after
Heap after GC invocations=9 (full 1):
 PSYoungGen      total 116224K, used 6642K [0x00000000eb180000, 0x00000000f2e80000, 0x0000000100000000)
  eden space 109568K, 0% used [0x00000000eb180000,0x00000000eb180000,0x00000000f1c80000)
  from space 6656K, 99% used [0x00000000f2680000,0x00000000f2cfc880,0x00000000f2d00000)
  to   space 9216K, 0% used [0x00000000f1c80000,0x00000000f1c80000,0x00000000f2580000)
 ParOldGen       total 31232K, used 10536K [0x00000000c1400000, 0x00000000c3280000, 0x00000000eb180000)
  object space 31232K, 33% used [0x00000000c1400000,0x00000000c1e4a048,0x00000000c3280000)
 Metaspace       used 29963K, capacity 31260K, committed 31616K, reserved 1077248K
  class space    used 3854K, capacity 4117K, committed 4224K, reserved 1048576K
}
Event: 12.251 GC heap before
{Heap before GC invocations=10 (full 1):
 PSYoungGen      total 116224K, used 57242K [0x00000000eb180000, 0x00000000f2e80000, 0x0000000100000000)
  eden space 109568K, 46% used [0x00000000eb180000,0x00000000ee2ea350,0x00000000f1c80000)
  from space 6656K, 99% used [0x00000000f2680000,0x00000000f2cfc880,0x00000000f2d00000)
  to   space 9216K, 0% used [0x00000000f1c80000,0x00000000f1c80000,0x00000000f2580000)
 ParOldGen       total 31232K, used 10536K [0x00000000c1400000, 0x00000000c3280000, 0x00000000eb180000)
  object space 31232K, 33% used [0x00000000c1400000,0x00000000c1e4a048,0x00000000c3280000)
 Metaspace       used 34049K, capacity 35274K, committed 35456K, reserved 1079296K
  class space    used 4399K, capacity 4666K, committed 4736K, reserved 1048576K
Event: 12.270 GC heap after
Heap after GC invocations=10 (full 1):
 PSYoungGen      total 118784K, used 8921K [0x00000000eb180000, 0x00000000f5d00000, 0x0000000100000000)
  eden space 109568K, 0% used [0x00000000eb180000,0x00000000eb180000,0x00000000f1c80000)
  from space 9216K, 96% used [0x00000000f1c80000,0x00000000f2536478,0x00000000f2580000)
  to   space 10240K, 0% used [0x00000000f5300000,0x00000000f5300000,0x00000000f5d00000)
 ParOldGen       total 31232K, used 10544K [0x00000000c1400000, 0x00000000c3280000, 0x00000000eb180000)
  object space 31232K, 33% used [0x00000000c1400000,0x00000000c1e4c048,0x00000000c3280000)
 Metaspace       used 34049K, capacity 35274K, committed 35456K, reserved 1079296K
  class space    used 4399K, capacity 4666K, committed 4736K, reserved 1048576K
}
Event: 12.270 GC heap before
{Heap before GC invocations=11 (full 2):
 PSYoungGen      total 118784K, used 8921K [0x00000000eb180000, 0x00000000f5d00000, 0x0000000100000000)
  eden space 109568K, 0% used [0x00000000eb180000,0x00000000eb180000,0x00000000f1c80000)
  from space 9216K, 96% used [0x00000000f1c80000,0x00000000f2536478,0x00000000f2580000)
  to   space 10240K, 0% used [0x00000000f5300000,0x00000000f5300000,0x00000000f5d00000)
 ParOldGen       total 31232K, used 10544K [0x00000000c1400000, 0x00000000c3280000, 0x00000000eb180000)
  object space 31232K, 33% used [0x00000000c1400000,0x00000000c1e4c048,0x00000000c3280000)
 Metaspace       used 34049K, capacity 35274K, committed 35456K, reserved 1079296K
  class space    used 4399K, capacity 4666K, committed 4736K, reserved 1048576K
Event: 12.347 GC heap after
Heap after GC invocations=11 (full 2):
 PSYoungGen      total 118784K, used 0K [0x00000000eb180000, 0x00000000f5d00000, 0x0000000100000000)
  eden space 109568K, 0% used [0x00000000eb180000,0x00000000eb180000,0x00000000f1c80000)
  from space 9216K, 0% used [0x00000000f1c80000,0x00000000f1c80000,0x00000000f2580000)
  to   space 10240K, 0% used [0x00000000f5300000,0x00000000f5300000,0x00000000f5d00000)
 ParOldGen       total 46080K, used 13520K [0x00000000c1400000, 0x00000000c4100000, 0x00000000eb180000)
  object space 46080K, 29% used [0x00000000c1400000,0x00000000c21340b8,0x00000000c4100000)
 Metaspace       used 34049K, capacity 35274K, committed 35456K, reserved 1079296K
  class space    used 4399K, capacity 4666K, committed 4736K, reserved 1048576K
}
Event: 28.340 GC heap before
{Heap before GC invocations=12 (full 2):
 PSYoungGen      total 118784K, used 109568K [0x00000000eb180000, 0x00000000f5d00000, 0x0000000100000000)
  eden space 109568K, 100% used [0x00000000eb180000,0x00000000f1c80000,0x00000000f1c80000)
  from space 9216K, 0% used [0x00000000f1c80000,0x00000000f1c80000,0x00000000f2580000)
  to   space 10240K, 0% used [0x00000000f5300000,0x00000000f5300000,0x00000000f5d00000)
 ParOldGen       total 46080K, used 13520K [0x00000000c1400000, 0x00000000c4100000, 0x00000000eb180000)
  object space 46080K, 29% used [0x00000000c1400000,0x00000000c21340b8,0x00000000c4100000)
 Metaspace       used 48856K, capacity 50382K, committed 50816K, reserved 1093632K
  class space    used 6700K, capacity 6986K, committed 7040K, reserved 1048576K
Event: 28.368 GC heap after
Heap after GC invocations=12 (full 2):
 PSYoungGen      total 161280K, used 10231K [0x00000000eb180000, 0x00000000f6000000, 0x0000000100000000)
  eden space 151040K, 0% used [0x00000000eb180000,0x00000000eb180000,0x00000000f4500000)
  from space 10240K, 99% used [0x00000000f5300000,0x00000000f5cfdd68,0x00000000f5d00000)
  to   space 13824K, 0% used [0x00000000f4500000,0x00000000f4500000,0x00000000f5280000)
 ParOldGen       total 46080K, used 20235K [0x00000000c1400000, 0x00000000c4100000, 0x00000000eb180000)
  object space 46080K, 43% used [0x00000000c1400000,0x00000000c27c2c78,0x00000000c4100000)
 Metaspace       used 48856K, capacity 50382K, committed 50816K, reserved 1093632K
  class space    used 6700K, capacity 6986K, committed 7040K, reserved 1048576K
}

